<?xml version="1.0" encoding="UTF-8"?>
<testsuite xmlns:xsi="http://www.w3.org/2001/XMLSchema-instance" xsi:noNamespaceSchemaLocation="https://maven.apache.org/surefire/maven-surefire-plugin/xsd/surefire-test-report-3.0.xsd" version="3.0" name="com.example.employee.controller.EmployeeControllerIntegrationTest" time="55.304" tests="1" errors="0" skipped="0" failures="0">
  <properties>
[...]
</properties>
  <testcase name="createAndFetchEmployee" classname="com.example.employee.controller.EmployeeControllerIntegrationTest" time="9.317">
    <system-out><![CDATA[11:23:51.846 [main] INFO org.springframework.test.context.support.AnnotationConfigContextLoaderUtils -- Could not detect default configuration classes for test class [com.example.employee.controller.EmployeeControllerIntegrationTest]: EmployeeControllerIntegrationTest does not declare any static, non-private, non-final, nested classes annotated with @Configuration.
11:23:53.261 [main] INFO org.springframework.boot.test.context.SpringBootTestContextBootstrapper -- Found @SpringBootConfiguration com.example.employee.EmployeeApplication for test class com.example.employee.controller.EmployeeControllerIntegrationTest

  .   ____          _            __ _ _
 /\\ / ___'_ __ _ _(_)_ __  __ _ \ \ \ \
( ( )\___ | '_ | '_| | '_ \/ _` | \ \ \ \
 \\/  ___)| |_)| | | | | || (_| |  ) ) ) )
  '  |____| .__|_| |_|_| |_\__, | / / / /
 =========|_|==============|___/=/_/_/_/
 :: Spring Boot ::                (v3.1.5)

2025-11-18T11:23:56.009+05:30  INFO 921 --- [           main] .e.e.c.EmployeeControllerIntegrationTest : Starting EmployeeControllerIntegrationTest using Java 17.0.16 with PID 921 (started by praneshkumarc in /mnt/c/Users/PRANESHKUMAR C/OneDrive/Desktop/AWSCertifications/Projects/Employee Management system/employee-backend)
2025-11-18T11:23:56.018+05:30  INFO 921 --- [           main] .e.e.c.EmployeeControllerIntegrationTest : No active profile set, falling back to 1 default profile: "default"
2025-11-18T11:24:00.911+05:30  INFO 921 --- [           main] .s.d.r.c.RepositoryConfigurationDelegate : Bootstrapping Spring Data JPA repositories in DEFAULT mode.
2025-11-18T11:24:01.840+05:30  INFO 921 --- [           main] .s.d.r.c.RepositoryConfigurationDelegate : Finished Spring Data repository scanning in 852 ms. Found 1 JPA repository interfaces.
2025-11-18T11:24:05.494+05:30  INFO 921 --- [           main] o.hibernate.jpa.internal.util.LogHelper  : HHH000204: Processing PersistenceUnitInfo [name: default]
2025-11-18T11:24:06.532+05:30  INFO 921 --- [           main] org.hibernate.Version                    : HHH000412: Hibernate ORM core version 6.2.13.Final
2025-11-18T11:24:06.564+05:30  INFO 921 --- [           main] org.hibernate.cfg.Environment            : HHH000406: Using bytecode reflection optimizer
2025-11-18T11:24:10.825+05:30  INFO 921 --- [           main] o.s.o.j.p.SpringPersistenceUnitInfo      : No LoadTimeWeaver setup: ignoring JPA class transformer
2025-11-18T11:24:11.081+05:30  INFO 921 --- [           main] com.zaxxer.hikari.HikariDataSource       : HikariPool-1 - Starting...
2025-11-18T11:24:16.694+05:30  INFO 921 --- [           main] com.zaxxer.hikari.pool.HikariPool        : HikariPool-1 - Added connection conn0: url=jdbc:h2:mem:testdb user=SA
2025-11-18T11:24:16.759+05:30  INFO 921 --- [           main] com.zaxxer.hikari.HikariDataSource       : HikariPool-1 - Start completed.
2025-11-18T11:24:28.685+05:30  INFO 921 --- [           main] o.h.e.t.j.p.i.JtaPlatformInitiator       : HHH000489: No JTA platform available (set 'hibernate.transaction.jta.platform' to enable JTA platform integration)
Hibernate: 
    drop table if exists employees cascade 
Hibernate: 
    create table employees (
        date_of_joining date,
        salary numeric(38,2),
        id bigint generated by default as identity,
        department varchar(255),
        email varchar(255) not null unique,
        first_name varchar(255) not null,
        last_name varchar(255) not null,
        primary key (id)
    )
2025-11-18T11:24:29.625+05:30  INFO 921 --- [           main] j.LocalContainerEntityManagerFactoryBean : Initialized JPA EntityManagerFactory for persistence unit 'default'
2025-11-18T11:24:36.313+05:30  INFO 921 --- [           main] o.s.b.t.m.w.SpringBootMockServletContext : Initializing Spring TestDispatcherServlet ''
2025-11-18T11:24:36.314+05:30  INFO 921 --- [           main] o.s.t.web.servlet.TestDispatcherServlet  : Initializing Servlet ''
2025-11-18T11:24:36.317+05:30  INFO 921 --- [           main] o.s.t.web.servlet.TestDispatcherServlet  : Completed initialization in 2 ms
2025-11-18T11:24:36.362+05:30  INFO 921 --- [           main] .e.e.c.EmployeeControllerIntegrationTest : Started EmployeeControllerIntegrationTest in 45.323 seconds (process running for 52.693)
Hibernate: 
    select
        e1_0.id,
        e1_0.date_of_joining,
        e1_0.department,
        e1_0.email,
        e1_0.first_name,
        e1_0.last_name,
        e1_0.salary 
    from
        employees e1_0 
    where
        e1_0.email=?
Hibernate: 
    insert 
    into
        employees
        (date_of_joining,department,email,first_name,last_name,salary,id) 
    values
        (?,?,?,?,?,?,default)
Hibernate: 
    select
        e1_0.id,
        e1_0.date_of_joining,
        e1_0.department,
        e1_0.email,
        e1_0.first_name,
        e1_0.last_name,
        e1_0.salary 
    from
        employees e1_0 
    where
        e1_0.id=?
]]></system-out>
  </testcase>
</testsuite>